{
  "stats": {
    "suites": 3,
    "tests": 11,
    "passes": 11,
    "pending": 0,
    "failures": 0,
    "start": "2025-11-29T03:32:19.736Z",
    "end": "2025-11-29T03:32:25.719Z",
    "duration": 5983,
    "testsRegistered": 11,
    "passPercent": 100,
    "pendingPercent": 0,
    "other": 0,
    "hasOther": false,
    "skipped": 0,
    "hasSkipped": false
  },
  "results": [
    {
      "uuid": "780ad55b-a89b-4c33-bc52-df33a42b29b7",
      "title": "",
      "fullFile": "",
      "file": "",
      "beforeHooks": [],
      "afterHooks": [],
      "tests": [],
      "suites": [
        {
          "uuid": "75b583fb-6a2b-4b18-b81c-ae35aa61aaa3",
          "title": "User Posts",
          "fullFile": "D:\\Supertest\\test\\post.js",
          "file": "\\test\\post.js",
          "beforeHooks": [
            {
              "title": "\"before all\" hook: Created a new User for the test function in \"User Posts\"",
              "fullTitle": "User Posts \"before all\" hook: Created a new User for the test function in \"User Posts\"",
              "timedOut": false,
              "duration": 1150,
              "state": null,
              "speed": null,
              "pass": false,
              "fail": false,
              "pending": false,
              "context": null,
              "code": "const createdUserData =await createRandomUserwithFaker()\ncreated_id = createdUserData.id\ncreatedUserName= createdUserData.name\nconsole.log( created_id,createdUserName)",
              "err": {},
              "uuid": "a4c9489d-29c7-4c22-b771-b6973198ea59",
              "parentUUID": "75b583fb-6a2b-4b18-b81c-ae35aa61aaa3",
              "isHook": true,
              "skipped": false
            }
          ],
          "afterHooks": [],
          "tests": [
            {
              "title": "/posts",
              "fullTitle": "User Posts /posts",
              "timedOut": false,
              "duration": 440,
              "state": "passed",
              "speed": "slow",
              "pass": true,
              "fail": false,
              "pending": false,
              "context": null,
              "code": "const data = {\n            \"user\": createdUserName,\n            \"user_id\": created_id,\n            \"title\": faker.lorem.sentence(),\n            \"body\": faker.lorem.paragraph()\n        }\n        const res = await request.post('posts')\n            .set('Authorization', `Bearer ${user_token}`)\n            .send(data);\n            //console.log(\"Response in /posts :=====\",res)\n        expect(res.body).to.have.property('id');\n        expect(res.body).to.have.property('user_id');\n        //expect(res.body.user_id).to.have.property(data.user_id);\n        expect(res.body.title).to.eq(data.title);\n        expect(res.body.user_id).to.eq(data.user_id);\n        post_id = res.body.id\n        console.log(\"Created POST ID is : -===>\", post_id, res.body.user_id)",
              "err": {},
              "uuid": "df382ab0-c5d1-46f1-bc32-4e81229dda47",
              "parentUUID": "75b583fb-6a2b-4b18-b81c-ae35aa61aaa3",
              "isHook": false,
              "skipped": false
            },
            {
              "title": "GET /posts/:id",
              "fullTitle": "User Posts GET /posts/:id",
              "timedOut": false,
              "duration": 413,
              "state": "passed",
              "speed": "slow",
              "pass": true,
              "fail": false,
              "pending": false,
              "context": null,
              "code": "const res = await request.get(`posts/${post_id}`)\n            .set('Authorization', `Bearer ${user_token}`)\n            .expect(200);",
              "err": {},
              "uuid": "2b258237-773d-4dc2-86c3-9299e292e842",
              "parentUUID": "75b583fb-6a2b-4b18-b81c-ae35aa61aaa3",
              "isHook": false,
              "skipped": false
            }
          ],
          "suites": [
            {
              "uuid": "911b8a99-9f13-4cc0-8e46-ddceca2adda0",
              "title": "Negative Tests",
              "fullFile": "D:\\Supertest\\test\\post.js",
              "file": "\\test\\post.js",
              "beforeHooks": [],
              "afterHooks": [],
              "tests": [
                {
                  "title": "401 Authentication Failed",
                  "fullTitle": "User Posts Negative Tests 401 Authentication Failed",
                  "timedOut": false,
                  "duration": 359,
                  "state": "passed",
                  "speed": "slow",
                  "pass": true,
                  "fail": false,
                  "pending": false,
                  "context": null,
                  "code": "const data = {\n         \"user\": createdUserName,\n         \"user_id\": created_id,\n         \"title\": `This title is created by ${createdUserName}`,\n         \"body\": `This body belongs to ${createdUserName} having ID ${created_id}`\n     }\n     const res = await request.post('posts')\n         //.set('Authorization', `Bearer ${user_token}}`)\n         .send(data)\n         .expect(401)\n     expect(res.body.message).to.eq('Authentication failed')",
                  "err": {},
                  "uuid": "0b5e110e-c51d-434f-af19-a91721b812b9",
                  "parentUUID": "911b8a99-9f13-4cc0-8e46-ddceca2adda0",
                  "isHook": false,
                  "skipped": false
                },
                {
                  "title": "422 Validation Failed",
                  "fullTitle": "User Posts Negative Tests 422 Validation Failed",
                  "timedOut": false,
                  "duration": 405,
                  "state": "passed",
                  "speed": "slow",
                  "pass": true,
                  "fail": false,
                  "pending": false,
                  "context": null,
                  "code": "const data = {\n         \"user\": createdUserName,\n         \"user_id\": created_id,\n      }\n     const res = await request.post('posts')\n         .set('Authorization', `Bearer ${user_token}`)\n         .send(data)\n         .expect(422)\n     //console.log(res.body)\n     expect(res.body[0].message).to.eq(\"can't be blank\")\n     expect(res.body[1].message).to.eq(\"can't be blank\")\n     expect(res.body[0].field).to.eq(\"title\")\n     expect(res.body[1].field).to.eq(\"body\")\n     expect(res.body).to.not.eq({})",
                  "err": {},
                  "uuid": "5b97915e-7bfc-4336-9bb7-30e4d9195f56",
                  "parentUUID": "911b8a99-9f13-4cc0-8e46-ddceca2adda0",
                  "isHook": false,
                  "skipped": false
                }
              ],
              "suites": [],
              "passes": [
                "0b5e110e-c51d-434f-af19-a91721b812b9",
                "5b97915e-7bfc-4336-9bb7-30e4d9195f56"
              ],
              "failures": [],
              "pending": [],
              "skipped": [],
              "duration": 764,
              "root": false,
              "rootEmpty": false,
              "_timeout": 2000
            }
          ],
          "passes": [
            "df382ab0-c5d1-46f1-bc32-4e81229dda47",
            "2b258237-773d-4dc2-86c3-9299e292e842"
          ],
          "failures": [],
          "pending": [],
          "skipped": [],
          "duration": 853,
          "root": false,
          "rootEmpty": false,
          "_timeout": 2000
        },
        {
          "uuid": "a7ec5d4a-9408-41fe-9d7e-6001b70444cc",
          "title": "Users",
          "fullFile": "D:\\Supertest\\test\\users.js",
          "file": "\\test\\users.js",
          "beforeHooks": [],
          "afterHooks": [],
          "tests": [
            {
              "title": "GET /users",
              "fullTitle": "Users GET /users",
              "timedOut": false,
              "duration": 417,
              "state": "passed",
              "speed": "slow",
              "pass": true,
              "fail": false,
              "pending": false,
              "context": null,
              "code": "return request\n                 .get(`users?access-token=${user_token}`)\n                 .then((res)=>{\n                   // console.log(err)\n                   // console.log(res.body)\n                    expect(res.body).to.not.be.empty\n                    //expect(res.body.length).to.be(9)\n                    expect(res.statusCode).to.eql(200)\n                    \n                 })",
              "err": {},
              "uuid": "c548d018-25de-4c77-9465-69d210699fee",
              "parentUUID": "a7ec5d4a-9408-41fe-9d7e-6001b70444cc",
              "isHook": false,
              "skipped": false
            },
            {
              "title": "Get /users with query params",
              "fullTitle": "Users Get /users with query params",
              "timedOut": false,
              "duration": 425,
              "state": "passed",
              "speed": "slow",
              "pass": true,
              "fail": false,
              "pending": false,
              "context": null,
              "code": "let i=1\n       const url = `users?access-token=${user_token}&page=5&gender=female&status=active`\n        return request\n     .get(url).then((res)=>{\n        console.log(res.body)\n        res.body.forEach((data)=> {\n            console.log(i++)\n            console.log(\"Status is :\", data.status)\n            expect(data.gender).to.eq('female')\n            expect(data.status).to.eq('active')\n            \n        })\n     })",
              "err": {},
              "uuid": "8a0a2950-1c56-4a9f-902f-1c17e976dc65",
              "parentUUID": "a7ec5d4a-9408-41fe-9d7e-6001b70444cc",
              "isHook": false,
              "skipped": false
            },
            {
              "title": "Get /users with query params _Chat GPT",
              "fullTitle": "Users Get /users with query params _Chat GPT",
              "timedOut": false,
              "duration": 436,
              "state": "passed",
              "speed": "slow",
              "pass": true,
              "fail": false,
              "pending": false,
              "context": null,
              "code": "const url = `users?access-token=${user_token}&page=5&gender=female&status=inactive`;\nconst res = await request.get(url);\nlet i = 1;\nres.body.forEach((data) => {\n  console.log(i++);\n  console.log(\"Status is:\", data.status);\n  expect(data.gender).to.eq('female');\n  expect(data.status).to.eq('inactive');\n});",
              "err": {},
              "uuid": "6d6ac674-e503-4d89-b760-6e89f8bfcc4b",
              "parentUUID": "a7ec5d4a-9408-41fe-9d7e-6001b70444cc",
              "isHook": false,
              "skipped": false
            },
            {
              "title": "POST /users",
              "fullTitle": "Users POST /users",
              "timedOut": false,
              "duration": 439,
              "state": "passed",
              "speed": "slow",
              "pass": true,
              "fail": false,
              "pending": false,
              "context": null,
              "code": "const data = \n{\n  \"email\": `test-${Math.floor(Math.random()*9999)}@test.com`,\n  \"name\" : \"Deepti Srivastava\",\n   \"gender\":\"female\",\n  \"status\":\"active\"\n}\n  return request.post('users')\n                .set('Authorization',`Bearer ${user_token}`)\n                .send(data)\n                .then((res)=>{\n                                 expect(res.body).to.deep.include(data)\n                                 expect(res.body).to.have.property('id');\n                                 created_id = res.body.id\n                                 console.log(\"Created ID is : -===>\", created_id)\n                })",
              "err": {},
              "uuid": "016b0976-1643-437a-b071-3c480f40da87",
              "parentUUID": "a7ec5d4a-9408-41fe-9d7e-6001b70444cc",
              "isHook": false,
              "skipped": false
            },
            {
              "title": "Get /users/id",
              "fullTitle": "Users Get /users/id",
              "timedOut": false,
              "duration": 404,
              "state": "passed",
              "speed": "slow",
              "pass": true,
              "fail": false,
              "pending": false,
              "context": null,
              "code": "return request\n          .get(`users/${created_id}?access-token=${user_token}`)\n          .then((res)=>{\n             //console.log(err)\n             //console.log(res.body)\n             expect(res.body).to.not.be.empty\n             //expect(res.body.length).to.be(9)\n             expect(res.statusCode).to.eql(200)\n             expect(res.body.id).to.be.eq(created_id)\n          })",
              "err": {},
              "uuid": "e6271e4d-9dba-467b-9099-bb0773373d29",
              "parentUUID": "a7ec5d4a-9408-41fe-9d7e-6001b70444cc",
              "isHook": false,
              "skipped": false
            },
            {
              "title": "PUT /users/id",
              "fullTitle": "Users PUT /users/id",
              "timedOut": false,
              "duration": 440,
              "state": "passed",
              "speed": "slow",
              "pass": true,
              "fail": false,
              "pending": false,
              "context": null,
              "code": "const data_updated = \n {\n \n \"name\": `Bharat${Math.floor(Math.random()*9999)}`,\n \"email\": \"bhramar_singh@predovic.example-updated-2\",\n \"gender\": \"female\",\n \"status\": \"inactive\"\n}\n     return request.put(`users/${created_id}`)\n                 .set('Authorization',`Bearer ${user_token}`)\n                 .send(data_updated)\n                 .then((res)=>{\n                                  expect(res.body).to.deep.include(data_updated)\n                                  expect(res.body).to.have.property('id');\n                                  \n   })",
              "err": {},
              "uuid": "6931d6c8-3e4f-48d1-bbce-93f3a421dd06",
              "parentUUID": "a7ec5d4a-9408-41fe-9d7e-6001b70444cc",
              "isHook": false,
              "skipped": false
            },
            {
              "title": "DELETE /users",
              "fullTitle": "Users DELETE /users",
              "timedOut": false,
              "duration": 630,
              "state": "passed",
              "speed": "slow",
              "pass": true,
              "fail": false,
              "pending": false,
              "context": null,
              "code": "const expected_body ={}\n         return request.delete(`users/${created_id}`)\n        .set('Authorization',`Bearer ${user_token}`)\n        .then((res)=>{   console.log(res.body)\n                         expect(res.status).to.be.eq(204)\n                         expect(res.body).to.deep.include(expected_body)\n                              \n    });",
              "err": {},
              "uuid": "754989dc-f9b3-4d7f-bff1-86157be1b7bf",
              "parentUUID": "a7ec5d4a-9408-41fe-9d7e-6001b70444cc",
              "isHook": false,
              "skipped": false
            }
          ],
          "suites": [],
          "passes": [
            "c548d018-25de-4c77-9465-69d210699fee",
            "8a0a2950-1c56-4a9f-902f-1c17e976dc65",
            "6d6ac674-e503-4d89-b760-6e89f8bfcc4b",
            "016b0976-1643-437a-b071-3c480f40da87",
            "e6271e4d-9dba-467b-9099-bb0773373d29",
            "6931d6c8-3e4f-48d1-bbce-93f3a421dd06",
            "754989dc-f9b3-4d7f-bff1-86157be1b7bf"
          ],
          "failures": [],
          "pending": [],
          "skipped": [],
          "duration": 3191,
          "root": false,
          "rootEmpty": false,
          "_timeout": 2000
        }
      ],
      "passes": [],
      "failures": [],
      "pending": [],
      "skipped": [],
      "duration": 0,
      "root": true,
      "rootEmpty": true,
      "_timeout": 2000
    }
  ],
  "meta": {
    "mocha": {
      "version": "11.7.5"
    },
    "mochawesome": {
      "options": {
        "quiet": false,
        "reportFilename": "mochawesome",
        "saveHtml": true,
        "saveJson": true,
        "consoleReporter": "spec",
        "useInlineDiffs": false,
        "code": true
      },
      "version": "7.1.4"
    },
    "marge": {
      "options": {
        "[object Object]": true
      },
      "version": "6.3.2"
    }
  }
}