{
  "stats": {
    "suites": 3,
    "tests": 11,
    "passes": 11,
    "pending": 0,
    "failures": 0,
    "start": "2025-11-29T05:31:55.541Z",
    "end": "2025-11-29T05:32:02.112Z",
    "duration": 6571,
    "testsRegistered": 11,
    "passPercent": 100,
    "pendingPercent": 0,
    "other": 0,
    "hasOther": false,
    "skipped": 0,
    "hasSkipped": false
  },
  "results": [
    {
      "uuid": "b4bb1d3c-7c5c-4538-b547-42537a647e34",
      "title": "",
      "fullFile": "",
      "file": "",
      "beforeHooks": [],
      "afterHooks": [],
      "tests": [],
      "suites": [
        {
          "uuid": "8b0f6b96-bc29-4e5a-8a34-be4021cfa45c",
          "title": "User Posts",
          "fullFile": "D:\\Supertest\\test\\post.js",
          "file": "\\test\\post.js",
          "beforeHooks": [
            {
              "title": "\"before all\" hook: Created a new User for the test function in \"User Posts\"",
              "fullTitle": "User Posts \"before all\" hook: Created a new User for the test function in \"User Posts\"",
              "timedOut": false,
              "duration": 1251,
              "state": null,
              "speed": null,
              "pass": false,
              "fail": false,
              "pending": false,
              "context": null,
              "code": "const createdUserData =await createRandomUserwithFaker()\ncreated_id = createdUserData.id\ncreatedUserName= createdUserData.name\nconsole.log( created_id,createdUserName)",
              "err": {},
              "uuid": "e49c9dc4-48c7-443f-b200-9da68353d80b",
              "parentUUID": "8b0f6b96-bc29-4e5a-8a34-be4021cfa45c",
              "isHook": true,
              "skipped": false
            }
          ],
          "afterHooks": [],
          "tests": [
            {
              "title": "/posts",
              "fullTitle": "User Posts /posts",
              "timedOut": false,
              "duration": 452,
              "state": "passed",
              "speed": "slow",
              "pass": true,
              "fail": false,
              "pending": false,
              "context": null,
              "code": "const data = {\n            \"user\": createdUserName,\n            \"user_id\": created_id,\n            \"title\": faker.lorem.sentence(),\n            \"body\": faker.lorem.paragraph()\n        }\n        const res = await request.post('posts')\n            .set('Authorization', `Bearer ${user_token}`)\n            .send(data);\n            //console.log(\"Response in /posts :=====\",res)\n        expect(res.body).to.have.property('id');\n        expect(res.body).to.have.property('user_id');\n        //expect(res.body.user_id).to.have.property(data.user_id);\n        expect(res.body.title).to.eq(data.title);\n        expect(res.body.user_id).to.eq(data.user_id);\n        post_id = res.body.id\n        console.log(\"Created POST ID is : -===>\", post_id, res.body.user_id)",
              "err": {},
              "uuid": "1ed13e6a-d370-4638-97e0-0c29d967d812",
              "parentUUID": "8b0f6b96-bc29-4e5a-8a34-be4021cfa45c",
              "isHook": false,
              "skipped": false
            },
            {
              "title": "GET /posts/:id",
              "fullTitle": "User Posts GET /posts/:id",
              "timedOut": false,
              "duration": 423,
              "state": "passed",
              "speed": "slow",
              "pass": true,
              "fail": false,
              "pending": false,
              "context": null,
              "code": "const res = await request.get(`posts/${post_id}`)\n            .set('Authorization', `Bearer ${user_token}`)\n            .expect(200);",
              "err": {},
              "uuid": "3edcd3e9-192d-4cf6-a7c3-772f97d06442",
              "parentUUID": "8b0f6b96-bc29-4e5a-8a34-be4021cfa45c",
              "isHook": false,
              "skipped": false
            }
          ],
          "suites": [
            {
              "uuid": "7e074b28-2eb0-4d70-8df3-c860754c951b",
              "title": "Negative Tests",
              "fullFile": "D:\\Supertest\\test\\post.js",
              "file": "\\test\\post.js",
              "beforeHooks": [],
              "afterHooks": [],
              "tests": [
                {
                  "title": "401 Authentication Failed",
                  "fullTitle": "User Posts Negative Tests 401 Authentication Failed",
                  "timedOut": false,
                  "duration": 354,
                  "state": "passed",
                  "speed": "slow",
                  "pass": true,
                  "fail": false,
                  "pending": false,
                  "context": null,
                  "code": "const data = {\n         \"user\": createdUserName,\n         \"user_id\": created_id,\n         \"title\": `This title is created by ${createdUserName}`,\n         \"body\": `This body belongs to ${createdUserName} having ID ${created_id}`\n     }\n     const res = await request.post('posts')\n         //.set('Authorization', `Bearer ${user_token}}`)\n         .send(data)\n         .expect(401)\n     expect(res.body.message).to.eq('Authentication failed')",
                  "err": {},
                  "uuid": "959fe3ae-2d59-41c5-b4ca-d6e107072969",
                  "parentUUID": "7e074b28-2eb0-4d70-8df3-c860754c951b",
                  "isHook": false,
                  "skipped": false
                },
                {
                  "title": "422 Validation Failed",
                  "fullTitle": "User Posts Negative Tests 422 Validation Failed",
                  "timedOut": false,
                  "duration": 414,
                  "state": "passed",
                  "speed": "slow",
                  "pass": true,
                  "fail": false,
                  "pending": false,
                  "context": null,
                  "code": "const data = {\n         \"user\": createdUserName,\n         \"user_id\": created_id,\n      }\n     const res = await request.post('posts')\n         .set('Authorization', `Bearer ${user_token}`)\n         .send(data)\n         .expect(422)\n     //console.log(res.body)\n     expect(res.body[0].message).to.eq(\"can't be blank\")\n     expect(res.body[1].message).to.eq(\"can't be blank\")\n     expect(res.body[0].field).to.eq(\"title\")\n     expect(res.body[1].field).to.eq(\"body\")\n     expect(res.body).to.not.eq({})",
                  "err": {},
                  "uuid": "a2add245-c7a3-490c-8548-5b28a010a172",
                  "parentUUID": "7e074b28-2eb0-4d70-8df3-c860754c951b",
                  "isHook": false,
                  "skipped": false
                }
              ],
              "suites": [],
              "passes": [
                "959fe3ae-2d59-41c5-b4ca-d6e107072969",
                "a2add245-c7a3-490c-8548-5b28a010a172"
              ],
              "failures": [],
              "pending": [],
              "skipped": [],
              "duration": 768,
              "root": false,
              "rootEmpty": false,
              "_timeout": 2000
            }
          ],
          "passes": [
            "1ed13e6a-d370-4638-97e0-0c29d967d812",
            "3edcd3e9-192d-4cf6-a7c3-772f97d06442"
          ],
          "failures": [],
          "pending": [],
          "skipped": [],
          "duration": 875,
          "root": false,
          "rootEmpty": false,
          "_timeout": 2000
        },
        {
          "uuid": "3ace16e4-a444-4677-af1b-c37e03599469",
          "title": "Users",
          "fullFile": "D:\\Supertest\\test\\users.js",
          "file": "\\test\\users.js",
          "beforeHooks": [],
          "afterHooks": [],
          "tests": [
            {
              "title": "GET /users",
              "fullTitle": "Users GET /users",
              "timedOut": false,
              "duration": 440,
              "state": "passed",
              "speed": "slow",
              "pass": true,
              "fail": false,
              "pending": false,
              "context": null,
              "code": "return request\n                 .get(`users?access-token=${user_token}`)\n                 .then((res)=>{\n                   // console.log(err)\n                   // console.log(res.body)\n                    expect(res.body).to.not.be.empty\n                    //expect(res.body.length).to.be(9)\n                    expect(res.statusCode).to.eql(200)\n                    \n                 })",
              "err": {},
              "uuid": "8f6e25a5-d46a-40d5-99ac-9ce532f359cf",
              "parentUUID": "3ace16e4-a444-4677-af1b-c37e03599469",
              "isHook": false,
              "skipped": false
            },
            {
              "title": "Get /users with query params",
              "fullTitle": "Users Get /users with query params",
              "timedOut": false,
              "duration": 437,
              "state": "passed",
              "speed": "slow",
              "pass": true,
              "fail": false,
              "pending": false,
              "context": null,
              "code": "let i=1\n       const url = `users?access-token=${user_token}&page=5&gender=female&status=active`\n        return request\n     .get(url).then((res)=>{\n        console.log(res.body)\n        res.body.forEach((data)=> {\n            console.log(i++)\n            console.log(\"Status is :\", data.status)\n            expect(data.gender).to.eq('female')\n            expect(data.status).to.eq('active')\n            \n        })\n     })",
              "err": {},
              "uuid": "5398b036-47d1-4871-8b83-bae66682160e",
              "parentUUID": "3ace16e4-a444-4677-af1b-c37e03599469",
              "isHook": false,
              "skipped": false
            },
            {
              "title": "Get /users with query params _Chat GPT",
              "fullTitle": "Users Get /users with query params _Chat GPT",
              "timedOut": false,
              "duration": 432,
              "state": "passed",
              "speed": "slow",
              "pass": true,
              "fail": false,
              "pending": false,
              "context": null,
              "code": "const url = `users?access-token=${user_token}&page=5&gender=female&status=inactive`;\nconst res = await request.get(url);\nlet i = 1;\nres.body.forEach((data) => {\n  console.log(i++);\n  console.log(\"Status is:\", data.status);\n  expect(data.gender).to.eq('female');\n  expect(data.status).to.eq('inactive');\n});",
              "err": {},
              "uuid": "1806f51d-0b8a-4781-8c0b-a424dc0c5057",
              "parentUUID": "3ace16e4-a444-4677-af1b-c37e03599469",
              "isHook": false,
              "skipped": false
            },
            {
              "title": "POST /users",
              "fullTitle": "Users POST /users",
              "timedOut": false,
              "duration": 453,
              "state": "passed",
              "speed": "slow",
              "pass": true,
              "fail": false,
              "pending": false,
              "context": null,
              "code": "const data = \n{\n  \"email\": `test-${Math.floor(Math.random()*9999)}@test.com`,\n  \"name\" : \"Deepti Srivastava\",\n   \"gender\":\"female\",\n  \"status\":\"active\"\n}\n  return request.post('users')\n                .set('Authorization',`Bearer ${user_token}`)\n                .send(data)\n                .then((res)=>{\n                                 expect(res.body).to.deep.include(data)\n                                 expect(res.body).to.have.property('id');\n                                 created_id = res.body.id\n                                 console.log(\"Created ID is : -===>\", created_id)\n                })",
              "err": {},
              "uuid": "6de14544-43b1-4730-82c3-64302e1c9727",
              "parentUUID": "3ace16e4-a444-4677-af1b-c37e03599469",
              "isHook": false,
              "skipped": false
            },
            {
              "title": "Get /users/id",
              "fullTitle": "Users Get /users/id",
              "timedOut": false,
              "duration": 406,
              "state": "passed",
              "speed": "slow",
              "pass": true,
              "fail": false,
              "pending": false,
              "context": null,
              "code": "return request\n          .get(`users/${created_id}?access-token=${user_token}`)\n          .then((res)=>{\n             //console.log(err)\n             //console.log(res.body)\n             expect(res.body).to.not.be.empty\n             //expect(res.body.length).to.be(9)\n             expect(res.statusCode).to.eql(200)\n             expect(res.body.id).to.be.eq(created_id)\n          })",
              "err": {},
              "uuid": "ae05beb0-df10-43cb-8402-2863ee456098",
              "parentUUID": "3ace16e4-a444-4677-af1b-c37e03599469",
              "isHook": false,
              "skipped": false
            },
            {
              "title": "PUT /users/id",
              "fullTitle": "Users PUT /users/id",
              "timedOut": false,
              "duration": 425,
              "state": "passed",
              "speed": "slow",
              "pass": true,
              "fail": false,
              "pending": false,
              "context": null,
              "code": "const data_updated = \n {\n \n \"name\": `Bharat${Math.floor(Math.random()*9999)}`,\n \"email\": \"bhramar_singh@predovic.example-updated-2\",\n \"gender\": \"female\",\n \"status\": \"inactive\"\n}\n     return request.put(`users/${created_id}`)\n                 .set('Authorization',`Bearer ${user_token}`)\n                 .send(data_updated)\n                 .then((res)=>{\n                                  expect(res.body).to.deep.include(data_updated)\n                                  expect(res.body).to.have.property('id');\n                                  \n   })",
              "err": {},
              "uuid": "e0139d9e-bea8-4375-b8bd-0435ef2dd8c4",
              "parentUUID": "3ace16e4-a444-4677-af1b-c37e03599469",
              "isHook": false,
              "skipped": false
            },
            {
              "title": "DELETE /users",
              "fullTitle": "Users DELETE /users",
              "timedOut": false,
              "duration": 1056,
              "state": "passed",
              "speed": "slow",
              "pass": true,
              "fail": false,
              "pending": false,
              "context": null,
              "code": "const expected_body ={}\n         return request.delete(`users/${created_id}`)\n        .set('Authorization',`Bearer ${user_token}`)\n        .then((res)=>{   console.log(res.body)\n                         expect(res.status).to.be.eq(204)\n                         expect(res.body).to.deep.include(expected_body)\n                              \n    });",
              "err": {},
              "uuid": "4a92b3fa-e575-4de5-b28b-6fd4336503be",
              "parentUUID": "3ace16e4-a444-4677-af1b-c37e03599469",
              "isHook": false,
              "skipped": false
            }
          ],
          "suites": [],
          "passes": [
            "8f6e25a5-d46a-40d5-99ac-9ce532f359cf",
            "5398b036-47d1-4871-8b83-bae66682160e",
            "1806f51d-0b8a-4781-8c0b-a424dc0c5057",
            "6de14544-43b1-4730-82c3-64302e1c9727",
            "ae05beb0-df10-43cb-8402-2863ee456098",
            "e0139d9e-bea8-4375-b8bd-0435ef2dd8c4",
            "4a92b3fa-e575-4de5-b28b-6fd4336503be"
          ],
          "failures": [],
          "pending": [],
          "skipped": [],
          "duration": 3649,
          "root": false,
          "rootEmpty": false,
          "_timeout": 2000
        }
      ],
      "passes": [],
      "failures": [],
      "pending": [],
      "skipped": [],
      "duration": 0,
      "root": true,
      "rootEmpty": true,
      "_timeout": 2000
    }
  ],
  "meta": {
    "mocha": {
      "version": "11.7.5"
    },
    "mochawesome": {
      "options": {
        "quiet": false,
        "reportFilename": "mochawesome",
        "saveHtml": true,
        "saveJson": true,
        "consoleReporter": "spec",
        "useInlineDiffs": false,
        "code": true
      },
      "version": "7.1.4"
    },
    "marge": {
      "options": {
        "[object Object]": true
      },
      "version": "6.3.2"
    }
  }
}